Microsoft HTML Help Compiler 4.74.8702

Compiling d:\Web Copy Files\Teleport Ultra\cmd.CHM

12bd6430.index-docs.js
12bd6430.index-docs-1.js
12bd6430.index-docs-2.js
16ade738.site-ltr.css
1f2ce8d0.index-docs.js
425dfcf4.site-ltr.css
67a45209.deprecation.js
67a45209.deprecation-1.js
67a45209.deprecation-2.js
81a9f749.index-docs.js
89972844.site-ltr.css
89972844.site-ltr-1.css
89972844.site-ltr-2.css
active.htm
add.htm
add-alias.htm
add-volume.htm
append.htm
arp.htm
assign.htm
assoc.htm
at.htm
atmadm.htm
attach-vdisk.htm
attrib.htm
attributes.htm
attributes-disk.htm
attributes-volume.htm
auditpol.htm
auditpol-backup.htm
auditpol-clear.htm
auditpol-get.htm
auditpol-list.htm
auditpol-remove.htm
auditpol-resourcesacl.htm
auditpol-restore.htm
auditpol-set.htm
autochk.htm
autoconv.htm
autofmt.htm
automount.htm
bcdboot.htm
bcdedit.htm
bdehdcfg.htm
bdehdcfg-driveinfo.htm
bdehdcfg-newdriveletter.htm
bdehdcfg-quiet.htm
bdehdcfg-restart.htm
bdehdcfg-size.htm
bdehdcfg-target.htm
begin-backup.htm
begin-restore.htm
bitsadmin.htm
bitsadmin-addfile.htm
bitsadmin-addfileset.htm
bitsadmin-addfilewithranges.htm
bitsadmin-cache.htm
bitsadmin-cache-and-delete.htm
bitsadmin-cache-and-deleteurl.htm
bitsadmin-cache-and-getexpirationtime.htm
bitsadmin-cache-and-getlimit.htm
bitsadmin-cache-and-help.htm
bitsadmin-cache-and-info.htm
bitsadmin-cache-and-list.htm
bitsadmin-cache-and-setexpirationtime.htm
bitsadmin-cache-and-setlimit.htm
bitsadmin-cache-clear.htm
bitsadmin-cancel.htm
bitsadmin-complete.htm
bitsadmin-create.htm
bitsadmin-examples.htm
bitsadmin-getaclflags.htm
bitsadmin-getbytestotal.htm
bitsadmin-getbytestransferred.htm
bitsadmin-getclientcertificate.htm
bitsadmin-getcompletiontime.htm
bitsadmin-getcreationtime.htm
bitsadmin-getcustomheaders.htm
bitsadmin-getdescription.htm
bitsadmin-getdisplayname.htm
bitsadmin-geterror.htm
bitsadmin-geterrorcount.htm
bitsadmin-getfilestotal.htm
bitsadmin-getfilestransferred.htm
bitsadmin-gethelpertokenflags.htm
bitsadmin-gethelpertokensid.htm
bitsadmin-gethttpmethod.htm
bitsadmin-getmaxdownloadtime.htm
bitsadmin-getminretrydelay.htm
bitsadmin-getmodificationtime.htm
bitsadmin-getnoprogresstimeout.htm
bitsadmin-getnotifycmdline.htm
bitsadmin-getnotifyflags.htm
bitsadmin-getnotifyinterface.htm
bitsadmin-getowner.htm
bitsadmin-getpeercachingflags.htm
bitsadmin-getpriority.htm
bitsadmin-getproxybypasslist.htm
bitsadmin-getproxylist.htm
bitsadmin-getproxyusage.htm
bitsadmin-getreplydata.htm
bitsadmin-getreplyfilename.htm
bitsadmin-getreplyprogress.htm
bitsadmin-getsecurityflags.htm
bitsadmin-getstate.htm
bitsadmin-gettemporaryname.htm
bitsadmin-gettype.htm
bitsadmin-getvalidationstate.htm
bitsadmin-help.htm
bitsadmin-info.htm
bitsadmin-list.htm
bitsadmin-listfiles.htm
bitsadmin-makecustomheaderswriteonly.htm
bitsadmin-monitor.htm
bitsadmin-nowrap.htm
bitsadmin-peercaching.htm
bitsadmin-peercaching-and-getconfigurationflags.htm
bitsadmin-peercaching-and-help.htm
bitsadmin-peercaching-and-setconfigurationflags.htm
bitsadmin-peers.htm
bitsadmin-peers-and-clear.htm
bitsadmin-peers-and-discover.htm
bitsadmin-peers-and-help.htm
bitsadmin-peers-and-list.htm
bitsadmin-rawreturn.htm
bitsadmin-removeclientcertificate.htm
bitsadmin-removecredentials.htm
bitsadmin-replaceremoteprefix.htm
bitsadmin-reset.htm
bitsadmin-resume.htm
bitsadmin-setaclflag.htm
bitsadmin-setclientcertificatebyid.htm
bitsadmin-setclientcertificatebyname.htm
bitsadmin-setcredentials.htm
bitsadmin-setcustomheaders.htm
bitsadmin-setdescription.htm
bitsadmin-setdisplayname.htm
bitsadmin-sethelpertoken.htm
bitsadmin-sethelpertokenflags.htm
bitsadmin-sethttpmethod.htm
bitsadmin-setmaxdownloadtime.htm
bitsadmin-setminretrydelay.htm
bitsadmin-setnoprogresstimeout.htm
bitsadmin-setnotifycmdline.htm
bitsadmin-setnotifyflags.htm
bitsadmin-setpeercachingflags.htm
bitsadmin-setpriority.htm
bitsadmin-setproxysettings.htm
bitsadmin-setreplyfilename.htm
bitsadmin-setsecurityflags.htm
bitsadmin-setvalidationstate.htm
bitsadmin-suspend.htm
bitsadmin-takeownership.htm
bitsadmin-transfer.htm
bitsadmin-util.htm
bitsadmin-util-and-enableanalyticchannel.htm
bitsadmin-util-and-getieproxy.htm
bitsadmin-util-and-help.htm
bitsadmin-util-and-repairservice.htm
bitsadmin-util-and-setieproxy.htm
bitsadmin-util-and-version.htm
bitsadmin-wrap.htm
bootcfg.htm
bootcfg-addsw.htm
bootcfg-copy.htm
bootcfg-dbg1394.htm
bootcfg-debug.htm
bootcfg-default.htm
bootcfg-delete.htm
bootcfg-ems.htm
bootcfg-query.htm
bootcfg-raw.htm
bootcfg-rmsw.htm
bootcfg-timeout.htm
break.htm
break_2.htm
cacls.htm
call.htm
cd.htm
certreq_1.htm
certutil.htm
change.htm
change-logon.htm
change-port.htm
change-user.htm
chcp.htm
chdir.htm
chglogon.htm
chgport.htm
chgusr.htm
chkdsk.htm
chkntfs.htm
choice.htm
cipher.htm
clean.htm
cleanmgr.htm
clip.htm
cls.htm
cmd.htm
cmdkey.htm
cmstp.htm
color.htm
command-line-syntax-key.htm
comp.htm
compact.htm
compact-vdisk.htm
convert.htm
convert-basic.htm
convert-dynamic.htm
convert-gpt.htm
convert-mbr.htm
copy.htm
cprofile.htm
create.htm
create-partition-efi.htm
create-partition-extended.htm
create-partition-logical.htm
create-partition-msr.htm
create-partition-primary.htm
create-volume-mirror.htm
create-volume-raid.htm
create-volume-simple.htm
create-volume-stripe.htm
cscript.htm
date.htm
dcgpofix.htm
defrag.htm
del.htm
delete.htm
delete-disk.htm
delete-partition.htm
delete-shadows.htm
delete-volume.htm
detach-vdisk.htm
detail.htm
detail-disk.htm
detail-partition.htm
detail-vdisk.htm
detail-volume.htm
dfsdiag.htm
dfsdiag-testdcs.htm
dfsdiag-testdfsconfig.htm
dfsdiag-testdfsintegrity.htm
dfsdiag-testreferral.htm
dfsdiag-testsites.htm
dfsrmig.htm
diantz.htm
dir.htm
diskcomp.htm
diskcopy.htm
diskpart.htm
diskpart-1.png
diskpart-2.png
diskpart-3.png
diskperf.htm
diskraid.htm
diskshadow.htm
dispdiag.htm
dnscmd.htm
doskey.htm
driverquery.htm
echo.htm
edit.htm
end-backup.htm
endlocal.htm
end-restore.htm
erase.htm
eventcreate.htm
eventquery.htm
eventtriggers.htm
evntcmd.htm
exec.htm
exit.htm
expand.htm
expand-vdisk.htm
expose.htm
extend.htm
extract.htm
fc.htm
filesystems.htm
find.htm
findstr.htm
finger.htm
flattemp.htm
fondue.htm
for.htm
forfiles.htm
format.htm
freedisk.htm
fsutil.htm
fsutil-8dot3name.htm
fsutil-behavior.htm
fsutil-dirty.htm
fsutil-file.htm
fsutil-fsinfo.htm
fsutil-hardlink.htm
fsutil-objectid.htm
fsutil-quota.htm
fsutil-repair.htm
fsutil-reparsepoint.htm
fsutil-resource.htm
fsutil-sparse.htm
fsutil-tiering.htm
fsutil-transaction.htm
fsutil-usn.htm
fsutil-volume.htm
fsutil-wim.htm
ftp.htm
ftp.mdelete_1.htm
ftp.mdir.htm
ftp-append.htm
ftp-ascii.htm
ftp-bell_1.htm
ftp-binary.htm
ftp-bye.htm
ftp-cd.htm
ftp-close_1.htm
ftp-debug.htm
ftp-delete.htm
ftp-dir.htm
ftp-disconnect_1.htm
ftp-get.htm
ftp-glob_1.htm
ftp-hash_1.htm
ftp-lcd.htm
ftp-literal_1.htm
ftp-ls_1.htm
ftp-mget.htm
ftp-mkdir.htm
ftp-mls_1.htm
ftp-mput_1.htm
ftp-open_1.htm
ftp-prompt_1.htm
ftp-put.htm
ftp-pwd_1.htm
ftp-quit.htm
ftp-quote.htm
ftp-recv.htm
ftp-remotehelp_1.htm
ftp-rename.htm
ftp-rmdir.htm
ftp-send_1.htm
ftp-status.htm
ftp-trace_1.htm
ftp-type.htm
ftp-user.htm
ftp-verbose_1.htm
ftype.htm
fveupdate.htm
getmac.htm
gettype.htm
goto.htm
gpfixup.htm
gpresult.htm
gpt.htm
gpupdate.htm
graftabl.htm
help.htm
helpctr.htm
hostname.htm
icacls.htm
if.htm
ignite-banner-2022.png-branch=live.png
import.htm
import_1.htm
inactive.htm
inuse.htm
ipconfig.htm
ipxroute.htm
irftp.htm
jetpack.htm
klist.htm
ksetup.htm
ksetup-addenctypeattr.htm
ksetup-addhosttorealmmap.htm
ksetup-addkdc.htm
ksetup-addkpasswd.htm
ksetup-addrealmflags.htm
ksetup-changepassword.htm
ksetup-delenctypeattr.htm
ksetup-delhosttorealmmap.htm
ksetup-delkdc.htm
ksetup-delkpasswd.htm
ksetup-delrealmflags.htm
ksetup-domain.htm
ksetup-dumpstate.htm
ksetup-getenctypeattr.htm
ksetup-listrealmflags.htm
ksetup-mapuser.htm
ksetup-removerealm.htm
ksetup-server.htm
ksetup-setcomputerpassword.htm
ksetup-setenctypeattr.htm
ksetup-setrealm.htm
ksetup-setrealmflags.htm
ktmutil.htm
ktpass.htm
label.htm
list.htm
list-providers.htm
list-shadows.htm
list-volume.htm
list-writers.htm
load-metadata.htm
lodctr.htm
logman.htm
logman-create.htm
logman-create-alert.htm
logman-create-api.htm
logman-create-cfg.htm
logman-create-counter.htm
logman-create-trace.htm
logman-delete.htm
logman-import-export.htm
logman-query.htm
logman-start-stop.htm
logman-update.htm
logman-update-alert.htm
logman-update-api.htm
logman-update-cfg.htm
logman-update-counter.htm
logman-update-trace.htm
logoff.htm
lpq.htm
lpr.htm
macfile.htm
makecab.htm
manage-bde.htm
manage-bde-autounlock.htm
manage-bde-changekey.htm
manage-bde-changepassword.htm
manage-bde-changepin.htm
manage-bde-forcerecovery.htm
manage-bde-keypackage.htm
manage-bde-lock.htm
manage-bde-off.htm
manage-bde-on.htm
manage-bde-pause.htm
manage-bde-protectors.htm
manage-bde-resume.htm
manage-bde-setidentifier.htm
manage-bde-status.htm
manage-bde-tpm.htm
manage-bde-unlock.htm
manage-bde-upgrade.htm
manage-bde-wipefreespace.htm
mapadmin.htm
mask.htm
md.htm
merge-vdisk.htm
mkdir.htm
mklink.htm
mmc.htm
mode.htm
more.htm
mount.htm
mountvol.htm
move.htm
mqbkup.htm
mqsvc.htm
mqtgsvc.htm
ms.jsll-3.min.js
msdt.htm
msg.htm
msiexec.htm
msinfo32.htm
mstsc.htm
nbtstat.htm
netcfg.htm
net-print.htm
netsh.htm
netstat.htm
nfsadmin.htm
nfsshare.htm
nfsstat.htm
nlbmgr.htm
nslookup.htm
nslookup-exit-command.htm
nslookup-finger-command.htm
nslookup-help.htm
nslookup-ls.htm
nslookup-lserver.htm
nslookup-root.htm
nslookup-server.htm
nslookup-set.htm
nslookup-set-all.htm
nslookup-set-class.htm
nslookup-set-d2.htm
nslookup-set-debug.htm
nslookup-set-domain.htm
nslookup-set-port.htm
nslookup-set-querytype.htm
nslookup-set-recurse.htm
nslookup-set-retry.htm
nslookup-set-root.htm
nslookup-set-search.htm
nslookup-set-srchlist.htm
nslookup-set-timeout.htm
nslookup-set-type.htm
nslookup-set-vc.htm
nslookup-view.htm
ntbackup.htm
ntcmdprompt.htm
ntfrsutl.htm
offline.htm
offline-disk.htm
offline-volume.htm
online.htm
online-disk.htm
online-volume.htm
openfiles.htm
pagefileconfig.htm
path.htm
pathping.htm
pause.htm
pbadmin.htm
pentnt.htm
perfmon.htm
ping.htm
pktmon.htm
pktmon-counters.htm
pktmon-etl2pcap.htm
pktmon-etl2txt.htm
pktmon-filter.htm
pktmon-filter-add.htm
pktmon-hex2pkt.htm
pktmon-list.htm
pktmon-reset.htm
pktmon-start.htm
pktmon-status.htm
pktmon-unload.htm
pnpunattend.htm
pnputil.htm
popd.htm
powershell.htm
powershell_ise.htm
print.htm
print-command-reference.htm
prncnfg.htm
prndrvr.htm
prnjobs.htm
prnmngr.htm
prnport.htm
prnqctl.htm
prompt.htm
pubprn.htm
pushd.htm
pushprinterconnections.htm
pwlauncher.htm
qappsrv.htm
qprocess.htm
query.htm
query-process.htm
query-session.htm
query-termserver.htm
query-user.htm
quser.htm
qwinsta.htm
rcp.htm
rd.htm
rdpsign.htm
recover.htm
recover_1.htm
refsutil.htm
reg.htm
reg-add.htm
reg-compare.htm
reg-copy.htm
reg-delete.htm
reg-export.htm
reg-import.htm
regini.htm
reg-load.htm
reg-query.htm
reg-restore.htm
reg-save.htm
regsvr32.htm
reg-unload.htm
relog.htm
rem.htm
remote-desktop-services-terminal-services-command-reference.htm
remove.htm
ren.htm
rename.htm
repair.htm
repair-bde.htm
replace.htm
rescan.htm
reset.htm
reset-session.htm
retain.htm
revert.htm
rexec.htm
risetup.htm
rmdir.htm
robocopy.htm
route_ws2008.htm
rpcinfo.htm
rpcping.htm
rsh.htm
rundll32.htm
rundll32-printui.htm
rwinsta.htm
san.htm
sc-config.htm
sc-create.htm
sc-delete.htm
schtasks.htm
schtasks-delete.htm
schtasks-end.htm
schtasks-query.htm
schtasks-run.htm
sc-query.htm
scwcmd.htm
scwcmd-analyze.htm
scwcmd-configure.htm
scwcmd-register.htm
scwcmd-rollback.htm
scwcmd-transform.htm
scwcmd-view.htm
secedit.htm
secedit-analyze.htm
secedit-configure.htm
secedit-export.htm
secedit-generaterollback.htm
secedit-import.htm
secedit-validate.htm
select.htm
select-disk.htm
select-partition.htm
select-vdisk.htm
select-volume.htm
serverceipoptin.htm
servermanagercmd.htm
serverweroptin.htm
services-for-network-file-system-command-reference.htm
set.htm
set_1.htm
set-context.htm
set-id.htm
setlocal.htm
set-metadata.htm
set-option.htm
set-verbose.htm
setx.htm
sfc.htm
shadow.htm
shift.htm
showmount.htm
shrink.htm
shutdown.htm
simulate-restore.htm
sort.htm
start.htm
subst.htm
sxstrace.htm
sysocmgr.htm
systeminfo.htm
takeown.htm
tapicfg.htm
tapicfg-install.htm
tapicfg-makedefault.htm
tapicfg-publishscp.htm
tapicfg-remove.htm
tapicfg-removescp.htm
tapicfg-show.htm
taskkill.htm
tasklist.htm
tcmsetup.htm
telnet.htm
telnet-close.htm
telnet-display.htm
telnet-open.htm
telnet-quit.htm
telnet-send.htm
telnet-set.htm
telnet-status.htm
telnet-unset.htm
tftp.htm
time.htm
timeout.htm
title.htm
tlntadmn.htm
tpmtool.htm
tpmvscmgr.htm
tracerpt.htm
tracert.htm
tree.htm
trydotnet.js
tscon.htm
tsdiscon.htm
tsecimp.htm
tskill.htm
tsprof.htm
type.htm
typeperf.htm
tzutil.htm
unexpose.htm
uniqueid.htm
unlodctr.htm
ver.htm
verifier.htm
verify.htm
vol.htm
vssadmin.htm
vssadmin-delete-shadows.htm
vssadmin-list-shadows.htm
vssadmin-list-writers.htm
vssadmin-resize-shadowstorage.htm
waitfor.htm
wbadmin.htm
wbadmin-delete-catalog.htm
wbadmin-delete-systemstatebackup.htm
wbadmin-disable-backup.htm
wbadmin-enable-backup.htm
wbadmin-get-disks.htm
wbadmin-get-items.htm
wbadmin-get-status.htm
wbadmin-get-versions.htm
wbadmin-restore-catalog.htm
wbadmin-start-backup.htm
wbadmin-start-recovery.htm
wbadmin-start-sysrecovery.htm
wbadmin-start-systemstatebackup.htm
wbadmin-start-systemstaterecovery.htm
wbadmin-stop-job.htm
wcp-consent.js
wdsutil.htm
wdsutil-add.htm
wdsutil-add-alldriverpackages.htm
wdsutil-add-device.htm
wdsutil-add-drivergroup.htm
wdsutil-add-drivergroupfilter.htm
wdsutil-add-drivergrouppackage.htm
wdsutil-add-drivergrouppackages.htm
wdsutil-add-driverpackage.htm
wdsutil-add-image.htm
wdsutil-add-imagedriverpackage.htm
wdsutil-add-imagedriverpackages.htm
wdsutil-add-imagegroup.htm
wdsutil-approve-autoadddevices.htm
wdsutil-convert-riprepimage.htm
wdsutil-copy.htm
wdsutil-copy-drivergroup.htm
wdsutil-copy-image.htm
wdsutil-delete-autoadddevices.htm
wdsutil-disable.htm
wdsutil-disable-server.htm
wdsutil-disable-transportserver.htm
wdsutil-disconnect-client.htm
wdsutil-enable.htm
wdsutil-enable-server.htm
wdsutil-enable-transportserver.htm
wdsutil-export-image.htm
wdsutil-get.htm
wdsutil-get-alldevices.htm
wdsutil-get-alldrivergroups.htm
wdsutil-get-alldriverpackages.htm
wdsutil-get-allimagegroups.htm
wdsutil-get-allimages.htm
wdsutil-get-allmulticasttransmissions.htm
wdsutil-get-allnamespaces.htm
wdsutil-get-allservers.htm
wdsutil-get-autoadddevices.htm
wdsutil-get-device.htm
wdsutil-get-drivergroup.htm
wdsutil-get-driverpackage.htm
wdsutil-get-driverpackagefile.htm
wdsutil-get-image.htm
wdsutil-get-imagefile.htm
wdsutil-get-imagegroup.htm
wdsutil-get-multicasttransmission.htm
wdsutil-get-namespace.htm
wdsutil-get-server.htm
wdsutil-get-transportserver.htm
wdsutil-initialize-server.htm
wdsutil-new.htm
wdsutil-new-captureimage.htm
wdsutil-new-discoverimage.htm
wdsutil-new-multicasttransmission.htm
wdsutil-new-namespace.htm
wdsutil-progress.htm
wdsutil-reject-autoadddevices.htm
wdsutil-remove.htm
wdsutil-remove-drivergroup.htm
wdsutil-remove-drivergroupfilter.htm
wdsutil-remove-drivergrouppackage.htm
wdsutil-remove-drivergrouppackages.htm
wdsutil-remove-driverpackage.htm
wdsutil-remove-driverpackages.htm
wdsutil-remove-image.htm
wdsutil-remove-imagegroup.htm
wdsutil-remove-multicasttransmission.htm
wdsutil-remove-namespace.htm
wdsutil-replace-image.htm
wdsutil-set.htm
wdsutil-set-device.htm
wdsutil-set-drivergroup.htm
wdsutil-set-drivergroupfilter.htm
wdsutil-set-driverpackage.htm
wdsutil-set-image.htm
wdsutil-set-imagegroup.htm
wdsutil-set-server.htm
wdsutil-set-transportserver.htm
wdsutil-start-multicasttransmission.htm
wdsutil-start-namespace.htm
wdsutil-start-server.htm
wdsutil-start-transportserver.htm
wdsutil-stop-server.htm
wdsutil-stop-transportserver.htm
wdsutil-uninitialize-server.htm
wdsutil-update-serverfiles.htm
wdsutil-verbose.htm
wecutil.htm
wevtutil.htm
where.htm
whoami.htm
windows-commands.htm
winnt.htm
winnt32.htm
winpop.htm
winrs.htm
winsat-mem.htm
winsat-mfmedia.htm
wmic.htm
writer.htm
wscript.htm
xcopy.htm
C:\Users\ZCHB\AppData\Local\Temp\85750545.html
TOC-Created-By-Easy-CHM.HHC
Index-Created-By-Easy-CHM.HHK
C:\Users\ZCHB\AppData\Local\Temp\85750545.html
C:\Users\ZCHB\AppData\Local\Temp\Easy-CHM-HtmlHelp-Maker.HTML
About.html
c:\Users\ZCHB\AppData\Local\Temp\Easy-CHM-HtmlHelp-Maker.GIF
Easy-CHM-HtmlHelp-Maker.GIF

Compile time: 0 minutes, 19 seconds
814	Topics
4,174	Local links
24	Internet links
2	Graphics


Created d:\Web Copy Files\Teleport Ultra\cmd.CHM, 9,277,184 bytes
Compression decreased file by 40,527,367 bytes.
